<?xml version="1.0" encoding="UTF-8"?>
<testng-results skipped="0" failed="0" total="1" passed="1">
  <reporter-output>
  </reporter-output>
  <suite name="Suite" duration-ms="3062" started-at="2016-09-10T09:25:50Z" finished-at="2016-09-10T09:25:53Z">
    <groups>
    </groups>
    <test name="Test" duration-ms="3062" started-at="2016-09-10T09:25:50Z" finished-at="2016-09-10T09:25:53Z">
      <class name="a.A">
        <test-method status="PASS" signature="browserTest()[pri:0, instance:a.A@7c30a502]" name="browserTest" duration-ms="3032" started-at="2016-09-10T14:55:50Z" finished-at="2016-09-10T14:55:53Z">
          <reporter-output>
          </reporter-output>
        </test-method> <!-- browserTest -->
      </class> <!-- a.A -->
    </test> <!-- Test -->
  </suite> <!-- Suite -->
</testng-results>
