<?xml version="1.0" encoding="UTF-8"?>
<testng-results skipped="0" failed="0" total="1" passed="1">
  <reporter-output>
  </reporter-output>
  <suite name="Suite" duration-ms="5785" started-at="2016-09-10T09:11:38Z" finished-at="2016-09-10T09:11:44Z">
    <groups>
    </groups>
    <test name="Test" duration-ms="5785" started-at="2016-09-10T09:11:38Z" finished-at="2016-09-10T09:11:44Z">
      <class name="a.A">
        <test-method status="PASS" signature="browserTest()[pri:0, instance:a.A@14acaea5]" name="browserTest" duration-ms="5769" started-at="2016-09-10T14:41:38Z" finished-at="2016-09-10T14:41:44Z">
          <reporter-output>
          </reporter-output>
        </test-method> <!-- browserTest -->
      </class> <!-- a.A -->
    </test> <!-- Test -->
  </suite> <!-- Suite -->
</testng-results>
